TN:
SF:app_files/browser_functions.js
FN:5,getFormSize
FN:18,removeGrid
FN:23,setBoardArray
FN:38,(anonymous_3)
FN:48,(anonymous_4)
FN:60,(anonymous_5)
FN:88,(anonymous_6)
FN:99,(anonymous_7)
FN:109,(anonymous_8)
FNF:9
FNH:1
FNDA:0,getFormSize
FNDA:0,removeGrid
FNDA:1,setBoardArray
FNDA:0,(anonymous_3)
FNDA:0,(anonymous_4)
FNDA:0,(anonymous_5)
FNDA:0,(anonymous_6)
FNDA:0,(anonymous_7)
FNDA:0,(anonymous_8)
DA:6,0
DA:7,0
DA:8,0
DA:9,0
DA:11,0
DA:12,0
DA:13,0
DA:14,0
DA:15,0
DA:19,0
DA:20,0
DA:24,1
DA:26,1
DA:28,1
DA:29,6
DA:30,6
DA:31,42
DA:35,1
DA:38,1
DA:39,0
DA:40,0
DA:41,0
DA:42,0
DA:44,0
DA:45,0
DA:48,1
DA:51,0
DA:52,0
DA:55,0
DA:60,1
DA:61,0
DA:62,0
DA:68,0
DA:69,0
DA:71,0
DA:75,0
DA:77,0
DA:78,0
DA:83,0
DA:88,1
DA:90,0
DA:91,0
DA:92,0
DA:94,0
DA:95,0
DA:99,1
DA:100,0
DA:101,0
DA:102,0
DA:103,0
DA:105,0
DA:106,0
DA:109,1
DA:110,0
DA:111,0
DA:112,0
DA:113,0
DA:114,0
DA:115,0
DA:116,0
DA:117,0
DA:118,0
DA:120,0
DA:123,1
DA:124,1
LF:65
LH:15
BRDA:90,0,0,0
BRDA:90,0,1,0
BRDA:123,1,0,1
BRDA:123,1,1,0
BRF:4
BRH:1
end_of_record
TN:
SF:server/server_functions.js
FN:5,(anonymous_0)
FN:10,(anonymous_1)
FN:46,(anonymous_2)
FN:56,(anonymous_3)
FNF:4
FNH:4
FNDA:2,(anonymous_0)
FNDA:1,(anonymous_1)
FNDA:1,(anonymous_2)
FNDA:1,(anonymous_3)
DA:3,1
DA:5,1
DA:6,2
DA:7,2
DA:10,1
DA:11,1
DA:12,1
DA:13,1
DA:14,1
DA:15,0
DA:17,1
DA:20,1
DA:21,1
DA:22,1
DA:24,1
DA:25,3
DA:26,3
DA:27,0
DA:30,0
DA:31,0
DA:32,0
DA:36,1
DA:37,1
DA:41,1
DA:42,1
DA:43,1
DA:46,1
DA:47,1
DA:48,1
DA:49,0
DA:51,1
DA:53,1
DA:56,1
DA:57,1
DA:58,1
DA:59,1
DA:60,1
DA:61,1
DA:63,1
DA:64,1
DA:65,1
DA:66,1
DA:69,0
DA:70,0
DA:71,0
DA:75,0
DA:76,0
DA:77,0
DA:78,0
DA:81,0
DA:82,0
DA:83,0
DA:87,0
DA:88,0
DA:89,0
DA:90,0
DA:91,0
DA:101,0
DA:102,0
DA:104,0
DA:105,0
DA:106,0
DA:109,0
DA:110,0
DA:111,0
DA:112,0
DA:115,0
DA:116,0
DA:117,0
DA:118,0
DA:119,0
DA:120,0
DA:122,0
DA:123,0
DA:124,0
DA:125,0
DA:126,0
DA:127,0
DA:128,0
DA:129,0
DA:134,0
DA:135,0
DA:136,0
DA:137,0
DA:138,0
DA:139,0
DA:140,0
DA:146,0
DA:147,0
DA:154,0
DA:155,0
DA:156,0
DA:159,0
DA:160,0
DA:161,0
DA:162,0
DA:166,0
DA:167,0
DA:168,0
DA:169,0
DA:170,0
DA:171,0
DA:173,0
DA:174,0
DA:175,0
DA:176,0
DA:177,0
DA:178,0
DA:179,0
DA:180,0
DA:185,0
DA:186,0
DA:187,0
DA:188,0
DA:189,0
DA:190,0
DA:191,0
DA:198,0
DA:199,0
DA:202,1
DA:203,1
LF:121
LH:38
BRDA:14,0,0,0
BRDA:14,0,1,1
BRDA:26,1,0,0
BRDA:26,1,1,3
BRDA:26,2,0,3
BRDA:26,2,1,3
BRDA:48,3,0,0
BRDA:48,3,1,1
BRDA:64,4,0,1
BRDA:64,4,1,0
BRDA:64,5,0,1
BRDA:64,5,1,1
BRDA:64,5,2,1
BRDA:64,5,3,1
BRDA:69,6,0,0
BRDA:69,6,1,0
BRDA:69,7,0,0
BRDA:69,7,1,0
BRDA:69,7,2,0
BRDA:69,7,3,0
BRDA:76,8,0,0
BRDA:76,8,1,0
BRDA:76,9,0,0
BRDA:76,9,1,0
BRDA:76,9,2,0
BRDA:76,9,3,0
BRDA:81,10,0,0
BRDA:81,10,1,0
BRDA:81,11,0,0
BRDA:81,11,1,0
BRDA:81,11,2,0
BRDA:81,11,3,0
BRDA:104,12,0,0
BRDA:104,12,1,0
BRDA:109,13,0,0
BRDA:109,13,1,0
BRDA:115,14,0,0
BRDA:115,14,1,0
BRDA:124,15,0,0
BRDA:124,15,1,0
BRDA:124,16,0,0
BRDA:124,16,1,0
BRDA:126,17,0,0
BRDA:126,17,1,0
BRDA:135,18,0,0
BRDA:135,18,1,0
BRDA:135,19,0,0
BRDA:135,19,1,0
BRDA:137,20,0,0
BRDA:137,20,1,0
BRDA:154,21,0,0
BRDA:154,21,1,0
BRDA:159,22,0,0
BRDA:159,22,1,0
BRDA:166,23,0,0
BRDA:166,23,1,0
BRDA:175,24,0,0
BRDA:175,24,1,0
BRDA:175,25,0,0
BRDA:175,25,1,0
BRDA:177,26,0,0
BRDA:177,26,1,0
BRDA:186,27,0,0
BRDA:186,27,1,0
BRDA:186,28,0,0
BRDA:186,28,1,0
BRDA:188,29,0,0
BRDA:188,29,1,0
BRDA:202,30,0,1
BRDA:202,30,1,0
BRF:70
BRH:11
end_of_record
